<?xml version="1.0" encoding="UTF-8"?>
<coverage generated="1564862805654" clover="3.2.0">
  <project timestamp="1564862805654" name="All files">
    <metrics statements="16" coveredstatements="16" conditionals="4" coveredconditionals="2" methods="6" coveredmethods="6" elements="26" coveredelements="24" complexity="0" loc="16" ncloc="16" packages="2" files="3" classes="3"/>
    <package name="book-service">
      <metrics statements="2" coveredstatements="2" conditionals="0" coveredconditionals="0" methods="0" coveredmethods="0"/>
      <file name="env.js" path="/Users/Will/Repositories/book-service/env.js">
        <metrics statements="2" coveredstatements="2" conditionals="0" coveredconditionals="0" methods="0" coveredmethods="0"/>
        <line num="1" count="1" type="stmt"/>
        <line num="7" count="1" type="stmt"/>
      </file>
    </package>
    <package name="book-service.client.src">
      <metrics statements="14" coveredstatements="14" conditionals="4" coveredconditionals="2" methods="6" coveredmethods="6"/>
      <file name="App.jsx" path="/Users/Will/Repositories/book-service/client/src/App.jsx">
        <metrics statements="11" coveredstatements="11" conditionals="2" coveredconditionals="1" methods="5" coveredmethods="5"/>
        <line num="7" count="4" type="stmt"/>
        <line num="8" count="4" type="stmt"/>
        <line num="13" count="5" type="stmt"/>
        <line num="14" count="5" type="cond" truecount="1" falsecount="1"/>
        <line num="15" count="5" type="stmt"/>
        <line num="17" count="5" type="stmt"/>
        <line num="18" count="5" type="stmt"/>
        <line num="19" count="5" type="stmt"/>
        <line num="23" count="5" type="stmt"/>
        <line num="26" count="9" type="stmt"/>
        <line num="27" count="9" type="stmt"/>
      </file>
      <file name="Book.jsx" path="/Users/Will/Repositories/book-service/client/src/Book.jsx">
        <metrics statements="3" coveredstatements="3" conditionals="2" coveredconditionals="1" methods="1" coveredmethods="1"/>
        <line num="4" count="2" type="stmt"/>
        <line num="9" count="2" type="stmt"/>
        <line num="10" count="3" type="stmt"/>
      </file>
    </package>
  </project>
</coverage>
