{"/Users/Will/Repositories/book-service/env.js": {"path":"/Users/Will/Repositories/book-service/env.js","statementMap":{"0":{"start":{"line":1,"column":18},"end":{"line":5,"column":1}},"1":{"start":{"line":7,"column":0},"end":{"line":7,"column":27}}},"fnMap":{},"branchMap":{},"s":{"0":1,"1":1},"f":{},"b":{},"_coverageSchema":"43e27e138ebf9cfc5966b082cf9a028302ed4184","hash":"a471c51a39caba3ad1403821ee4be1421b3f55cb"}
,"/Users/Will/Repositories/book-service/client/src/App.jsx": {"path":"/Users/Will/Repositories/book-service/client/src/App.jsx","statementMap":{"0":{"start":{"line":7,"column":4},"end":{"line":7,"column":17}},"1":{"start":{"line":8,"column":4},"end":{"line":10,"column":6}},"2":{"start":{"line":13,"column":14},"end":{"line":13,"column":49}},"3":{"start":{"line":14,"column":4},"end":{"line":16,"column":5}},"4":{"start":{"line":15,"column":6},"end":{"line":15,"column":16}},"5":{"start":{"line":17,"column":4},"end":{"line":20,"column":7}},"6":{"start":{"line":18,"column":6},"end":{"line":18,"column":32}},"7":{"start":{"line":19,"column":6},"end":{"line":19,"column":30}},"8":{"start":{"line":23,"column":4},"end":{"line":23,"column":19}},"9":{"start":{"line":26,"column":21},"end":{"line":26,"column":31}},"10":{"start":{"line":27,"column":4},"end":{"line":27,"column":33}}},"fnMap":{"0":{"name":"(anonymous_0)","decl":{"start":{"line":6,"column":2},"end":{"line":6,"column":3}},"loc":{"start":{"line":6,"column":21},"end":{"line":11,"column":3}},"line":6},"1":{"name":"(anonymous_1)","decl":{"start":{"line":12,"column":2},"end":{"line":12,"column":3}},"loc":{"start":{"line":12,"column":12},"end":{"line":21,"column":3}},"line":12},"2":{"name":"(anonymous_2)","decl":{"start":{"line":17,"column":52},"end":{"line":17,"column":53}},"loc":{"start":{"line":17,"column":60},"end":{"line":20,"column":5}},"line":17},"3":{"name":"(anonymous_3)","decl":{"start":{"line":22,"column":2},"end":{"line":22,"column":3}},"loc":{"start":{"line":22,"column":22},"end":{"line":24,"column":3}},"line":22},"4":{"name":"(anonymous_4)","decl":{"start":{"line":25,"column":2},"end":{"line":25,"column":3}},"loc":{"start":{"line":25,"column":11},"end":{"line":28,"column":3}},"line":25}},"branchMap":{"0":{"loc":{"start":{"line":14,"column":4},"end":{"line":16,"column":5}},"type":"if","locations":[{"start":{"line":14,"column":4},"end":{"line":16,"column":5}},{"start":{"line":14,"column":4},"end":{"line":16,"column":5}}],"line":14}},"s":{"0":4,"1":4,"2":5,"3":5,"4":5,"5":5,"6":5,"7":5,"8":5,"9":9,"10":9},"f":{"0":4,"1":5,"2":5,"3":5,"4":9},"b":{"0":[5,0]},"_coverageSchema":"43e27e138ebf9cfc5966b082cf9a028302ed4184","hash":"b7bd479141c1c9b3325f4270a4229c5eab29a88f"}
,"/Users/Will/Repositories/book-service/client/src/Book.jsx": {"path":"/Users/Will/Repositories/book-service/client/src/Book.jsx","statementMap":{"0":{"start":{"line":4,"column":14},"end":{"line":7,"column":1}},"1":{"start":{"line":9,"column":13},"end":{"line":25,"column":1}},"2":{"start":{"line":10,"column":2},"end":{"line":24,"column":4}}},"fnMap":{"0":{"name":"(anonymous_0)","decl":{"start":{"line":9,"column":13},"end":{"line":9,"column":14}},"loc":{"start":{"line":9,"column":21},"end":{"line":25,"column":1}},"line":9}},"branchMap":{"0":{"loc":{"start":{"line":18,"column":11},"end":{"line":18,"column":55}},"type":"binary-expr","locations":[{"start":{"line":18,"column":11},"end":{"line":18,"column":22}},{"start":{"line":18,"column":26},"end":{"line":18,"column":55}}],"line":18}},"s":{"0":2,"1":2,"2":3},"f":{"0":3},"b":{"0":[3,0]},"_coverageSchema":"43e27e138ebf9cfc5966b082cf9a028302ed4184","hash":"b93b2daf9dc299b5b387368df5cadba9ee94dbac"}
}
