TN:
SF:/Users/Will/Repositories/book-service/env.js
FNF:0
FNH:0
DA:1,1
DA:7,1
LF:2
LH:2
BRF:0
BRH:0
end_of_record
TN:
SF:/Users/Will/Repositories/book-service/client/src/App.jsx
FN:6,(anonymous_0)
FN:12,(anonymous_1)
FN:17,(anonymous_2)
FN:22,(anonymous_3)
FN:25,(anonymous_4)
FNF:5
FNH:5
FNDA:4,(anonymous_0)
FNDA:5,(anonymous_1)
FNDA:5,(anonymous_2)
FNDA:5,(anonymous_3)
FNDA:9,(anonymous_4)
DA:7,4
DA:8,4
DA:13,5
DA:14,5
DA:15,5
DA:17,5
DA:18,5
DA:19,5
DA:23,5
DA:26,9
DA:27,9
LF:11
LH:11
BRDA:14,0,0,5
BRDA:14,0,1,0
BRF:2
BRH:1
end_of_record
TN:
SF:/Users/Will/Repositories/book-service/client/src/Book.jsx
FN:9,(anonymous_0)
FNF:1
FNH:1
FNDA:3,(anonymous_0)
DA:4,2
DA:9,2
DA:10,3
LF:3
LH:3
BRDA:18,0,0,3
BRDA:18,0,1,0
BRF:2
BRH:1
end_of_record
